[2026-04-30 14:29:34] 正在解压技能包：/home/sandbox/skills/pptx-posters.zip
[2026-04-30 14:29:34] 正在将解压内容解压到安装目录：/home/sandbox/.openclaw/workspace/skills/pptx-posters
[2026-04-30 14:29:34] 技能包已成功安装到：/home/sandbox/.openclaw/workspace/skills/pptx-posters
[2026-04-30 14:29:34] 技能包安装成功：pptx-posters
[2026-04-30 14:29:34] 正在解压技能包：/home/sandbox/skills/xiaoyi-report.zip
[2026-04-30 14:29:34] 正在将解压内容解压到安装目录：/home/sandbox/.openclaw/workspace/skills/xiaoyi-report
[2026-04-30 14:29:34] 技能包已成功安装到：/home/sandbox/.openclaw/workspace/skills/xiaoyi-report
[2026-04-30 14:29:34] 技能包安装成功：xiaoyi-report
[2026-04-30 14:29:34] 正在解压技能包：/home/sandbox/skills/imap-smtp-email.zip
[2026-04-30 14:29:34] 正在将解压内容解压到安装目录：/home/sandbox/.openclaw/workspace/skills/imap-smtp-email
[2026-04-30 14:29:34] 技能包已成功安装到：/home/sandbox/.openclaw/workspace/skills/imap-smtp-email
[2026-04-30 14:29:34] 技能包安装成功：imap-smtp-email
[2026-04-30 14:29:34] 正在解压技能包：/home/sandbox/skills/xiaoyi-ppt.zip
[2026-04-30 14:29:34] 正在将解压内容解压到安装目录：/home/sandbox/.openclaw/workspace/skills/xiaoyi-ppt
[2026-04-30 14:29:34] 技能包已成功安装到：/home/sandbox/.openclaw/workspace/skills/xiaoyi-ppt
[2026-04-30 14:29:34] 技能包安装成功：xiaoyi-ppt
[2026-04-30 14:29:34] 正在解压技能包：/home/sandbox/skills/xiaoyi-xlsx.zip
[2026-04-30 14:29:34] 正在将解压内容解压到安装目录：/home/sandbox/.openclaw/workspace/skills/xiaoyi-xlsx
[2026-04-30 14:29:34] 技能包已成功安装到：/home/sandbox/.openclaw/workspace/skills/xiaoyi-xlsx
[2026-04-30 14:29:34] 技能包安装成功：xiaoyi-xlsx
[2026-04-30 14:29:34] 正在解压技能包：/home/sandbox/skills/excel-analysis.zip
[2026-04-30 14:29:34] 正在将解压内容解压到安装目录：/home/sandbox/.openclaw/workspace/skills/excel-analysis
[2026-04-30 14:29:34] 技能包已成功安装到：/home/sandbox/.openclaw/workspace/skills/excel-analysis
[2026-04-30 14:29:34] 技能包安装成功：excel-analysis
[2026-04-30 14:29:34] 正在解压技能包：/home/sandbox/skills/xiaoyi-doc-convert.zip
[2026-04-30 14:29:34] 正在将解压内容解压到安装目录：/home/sandbox/.openclaw/workspace/skills/xiaoyi-doc-convert
[2026-04-30 14:29:34] 技能包已成功安装到：/home/sandbox/.openclaw/workspace/skills/xiaoyi-doc-convert
[2026-04-30 14:29:34] 技能包安装成功：xiaoyi-doc-convert
[2026-04-30 14:29:34] 正在解压技能包：/home/sandbox/skills/scientific-slides.zip
[2026-04-30 14:29:34] 正在将解压内容解压到安装目录：/home/sandbox/.openclaw/workspace/skills/scientific-slides
[2026-04-30 14:29:34] 技能包已成功安装到：/home/sandbox/.openclaw/workspace/skills/scientific-slides
[2026-04-30 14:29:34] 技能包安装成功：scientific-slides
[2026-04-30 14:29:34] 正在解压技能包：/home/sandbox/skills/xiaoyi-image-understanding.zip
[2026-04-30 14:29:34] 正在将解压内容解压到安装目录：/home/sandbox/.openclaw/workspace/skills/xiaoyi-image-understanding
[2026-04-30 14:29:34] 技能包已成功安装到：/home/sandbox/.openclaw/workspace/skills/xiaoyi-image-understanding
[2026-04-30 14:29:34] 技能包安装成功：xiaoyi-image-understanding
[2026-04-30 14:29:34] 正在解压技能包：/home/sandbox/skills/seedream-image_gen.zip
[2026-04-30 14:29:34] 正在将解压内容解压到安装目录：/home/sandbox/.openclaw/workspace/skills/seedream-image_gen
[2026-04-30 14:29:34] 技能包已成功安装到：/home/sandbox/.openclaw/workspace/skills/seedream-image_gen
[2026-04-30 14:29:34] 技能包安装成功：seedream-image_gen
[2026-04-30 14:29:34] 正在解压技能包：/home/sandbox/skills/self-improving-agent.zip
[2026-04-30 14:29:34] 正在将解压内容解压到安装目录：/home/sandbox/.openclaw/workspace/skills/self-improving-agent
[2026-04-30 14:29:34] 技能包已成功安装到：/home/sandbox/.openclaw/workspace/skills/self-improving-agent
[2026-04-30 14:29:34] 技能包安装成功：self-improving-agent
[2026-04-30 14:29:34] 正在解压技能包：/home/sandbox/skills/find-skills.zip
[2026-04-30 14:29:34] 正在将解压内容解压到安装目录：/home/sandbox/.openclaw/workspace/skills/find-skills
[2026-04-30 14:29:34] 技能包已成功安装到：/home/sandbox/.openclaw/workspace/skills/find-skills
[2026-04-30 14:29:34] 技能包安装成功：find-skills
[2026-04-30 14:29:34] 正在解压技能包：/home/sandbox/skills/content-compliance.zip
[2026-04-30 14:29:34] 正在将解压内容解压到安装目录：/home/sandbox/.openclaw/workspace/skills/content-compliance
[2026-04-30 14:29:34] 技能包已成功安装到：/home/sandbox/.openclaw/workspace/skills/content-compliance
[2026-04-30 14:29:34] 技能包安装成功：content-compliance
