[2026-04-30 14:29:33] 正在解压技能包：/home/sandbox/skills/xiao-gui-agent.zip
[2026-04-30 14:29:33] 正在将解压内容解压到安装目录：/home/sandbox/.openclaw/workspace/skills/xiao-gui-agent
[2026-04-30 14:29:33] 技能包已成功安装到：/home/sandbox/.openclaw/workspace/skills/xiao-gui-agent
[2026-04-30 14:29:33] 技能包安装成功：xiao-gui-agent
[2026-04-30 14:29:33] 正在解压技能包：/home/sandbox/skills/xiaoyi-health.zip
[2026-04-30 14:29:33] 正在将解压内容解压到安装目录：/home/sandbox/.openclaw/workspace/skills/xiaoyi-health
[2026-04-30 14:29:33] 技能包已成功安装到：/home/sandbox/.openclaw/workspace/skills/xiaoyi-health
[2026-04-30 14:29:33] 技能包安装成功：xiaoyi-health
[2026-04-30 14:29:33] 正在解压技能包：/home/sandbox/skills/xiao-gui-agent.zip
[2026-04-30 14:29:33] 正在将解压内容解压到安装目录：/home/sandbox/.openclaw/workspace/skills/xiao-gui-agent
[2026-04-30 14:29:33] 技能包已成功安装到：/home/sandbox/.openclaw/workspace/skills/xiao-gui-agent
[2026-04-30 14:29:33] 技能包安装成功：xiao-gui-agent
[2026-04-30 14:29:33] 正在解压技能包：/home/sandbox/skills/xiaoyi-health.zip
[2026-04-30 14:29:33] 正在将解压内容解压到安装目录：/home/sandbox/.openclaw/workspace/skills/xiaoyi-health
[2026-04-30 14:29:33] 技能包已成功安装到：/home/sandbox/.openclaw/workspace/skills/xiaoyi-health
[2026-04-30 14:29:33] 技能包安装成功：xiaoyi-health
[2026-04-30 14:29:33] 正在解压技能包：/home/sandbox/skills/xiaoyi-health.zip
[2026-04-30 14:29:33] 正在将解压内容解压到安装目录：/home/sandbox/.openclaw/workspace/skills/xiaoyi-health
[2026-04-30 14:29:33] 技能包已成功安装到：/home/sandbox/.openclaw/workspace/skills/xiaoyi-health
[2026-04-30 14:29:33] 技能包安装成功：xiaoyi-health
